1645770311.239880 client started (3563): version 3.1c, socket /tmp/tmux-1000/default, protocol 8
1645770311.240026 on Linux 5.10.92-v7l+ #1514 SMP Mon Jan 17 17:38:03 GMT 2022; libevent 2.1.12-stable (poll)
1645770311.240128 socket is /tmp/tmux-1000/default
1645770311.240193 trying connect
1645770311.240311 connect failed: Connection refused
1645770311.240401 lock file is /tmp/tmux-1000/default.lock
1645770311.240564 flock succeeded
1645770311.240603 got lock (6)
1645770311.240652 trying connect
1645770311.240728 connect failed: Connection refused
1645770311.242381 add peer 0x12fbf88: 7 ((nil))
1645770311.243210 sending message 100 to peer 0x12fbf88 (4 bytes)
1645770311.243281 sending message 101 to peer 0x12fbf88 (6 bytes)
1645770311.243344 sending message 102 to peer 0x12fbf88 (11 bytes)
1645770311.243400 sending message 108 to peer 0x12fbf88 (29 bytes)
1645770311.243459 sending message 104 to peer 0x12fbf88 (0 bytes)
1645770311.243505 sending message 107 to peer 0x12fbf88 (4 bytes)
1645770311.243564 sending message 105 to peer 0x12fbf88 (16 bytes)
1645770311.243623 sending message 105 to peer 0x12fbf88 (15 bytes)
1645770311.243681 sending message 105 to peer 0x12fbf88 (33 bytes)
1645770311.243744 sending message 105 to peer 0x12fbf88 (11 bytes)
1645770311.243812 sending message 105 to peer 0x12fbf88 (21 bytes)
1645770311.243875 sending message 105 to peer 0x12fbf88 (15 bytes)
1645770311.243932 sending message 105 to peer 0x12fbf88 (14 bytes)
1645770311.243989 sending message 105 to peer 0x12fbf88 (17 bytes)
1645770311.244128 sending message 105 to peer 0x12fbf88 (50 bytes)
1645770311.244176 sending message 105 to peer 0x12fbf88 (23 bytes)
1645770311.244219 sending message 105 to peer 0x12fbf88 (11 bytes)
1645770311.244271 sending message 105 to peer 0x12fbf88 (8 bytes)
1645770311.244331 sending message 105 to peer 0x12fbf88 (8 bytes)
1645770311.244389 sending message 105 to peer 0x12fbf88 (17 bytes)
1645770311.244436 sending message 105 to peer 0x12fbf88 (31 bytes)
1645770311.244491 sending message 105 to peer 0x12fbf88 (33 bytes)
1645770311.244548 sending message 105 to peer 0x12fbf88 (94 bytes)
1645770311.244613 sending message 105 to peer 0x12fbf88 (19 bytes)
1645770311.244667 sending message 105 to peer 0x12fbf88 (21 bytes)
1645770311.244724 sending message 105 to peer 0x12fbf88 (16 bytes)
1645770311.244769 sending message 105 to peer 0x12fbf88 (16 bytes)
1645770311.244809 sending message 106 to peer 0x12fbf88 (0 bytes)
1645770311.244853 sending message 200 to peer 0x12fbf88 (4 bytes)
1645770311.244893 client loop enter
1645770311.465085 peer 0x12fbf88 message 207
1645770311.465120 sending message 208 to peer 0x12fbf88 (0 bytes)
1645770467.999630 peer 0x12fbf88 message 203
1645770467.999708 sending message 205 to peer 0x12fbf88 (0 bytes)
1645770468.000973 peer 0x12fbf88 message 204
1645770468.001022 client loop exit
