1645770288.812750 client started (3491): version 3.1c, socket /tmp//tmux-1000/default, protocol 8
1645770288.812901 on Linux 5.10.92-v7l+ #1514 SMP Mon Jan 17 17:38:03 GMT 2022; libevent 2.1.12-stable (poll)
1645770288.813002 socket is /tmp//tmux-1000/default
1645770288.813067 trying connect
1645770288.814217 add peer 0x1a30d88: 6 ((nil))
1645770288.814609 sending message 100 to peer 0x1a30d88 (4 bytes)
1645770288.814665 sending message 101 to peer 0x1a30d88 (7 bytes)
1645770288.814710 sending message 102 to peer 0x1a30d88 (11 bytes)
1645770288.814754 sending message 108 to peer 0x1a30d88 (29 bytes)
1645770288.814799 sending message 104 to peer 0x1a30d88 (0 bytes)
1645770288.814843 sending message 107 to peer 0x1a30d88 (4 bytes)
1645770288.814885 sending message 105 to peer 0x1a30d88 (16 bytes)
1645770288.814928 sending message 105 to peer 0x1a30d88 (36 bytes)
1645770288.814972 sending message 105 to peer 0x1a30d88 (15 bytes)
1645770288.815015 sending message 105 to peer 0x1a30d88 (33 bytes)
1645770288.815059 sending message 105 to peer 0x1a30d88 (11 bytes)
1645770288.815101 sending message 105 to peer 0x1a30d88 (21 bytes)
1645770288.815145 sending message 105 to peer 0x1a30d88 (15 bytes)
1645770288.815188 sending message 105 to peer 0x1a30d88 (14 bytes)
1645770288.815231 sending message 105 to peer 0x1a30d88 (17 bytes)
1645770288.815273 sending message 105 to peer 0x1a30d88 (50 bytes)
1645770288.815316 sending message 105 to peer 0x1a30d88 (23 bytes)
1645770288.815359 sending message 105 to peer 0x1a30d88 (12 bytes)
1645770288.815402 sending message 105 to peer 0x1a30d88 (8 bytes)
1645770288.815445 sending message 105 to peer 0x1a30d88 (13 bytes)
1645770288.815487 sending message 105 to peer 0x1a30d88 (8 bytes)
1645770288.815552 sending message 105 to peer 0x1a30d88 (17 bytes)
1645770288.815597 sending message 105 to peer 0x1a30d88 (31 bytes)
1645770288.815639 sending message 105 to peer 0x1a30d88 (33 bytes)
1645770288.815732 sending message 105 to peer 0x1a30d88 (94 bytes)
1645770288.815777 sending message 105 to peer 0x1a30d88 (19 bytes)
1645770288.815820 sending message 105 to peer 0x1a30d88 (16 bytes)
1645770288.815863 sending message 105 to peer 0x1a30d88 (21 bytes)
1645770288.815906 sending message 105 to peer 0x1a30d88 (16 bytes)
1645770288.815950 sending message 106 to peer 0x1a30d88 (0 bytes)
1645770288.815993 sending message 200 to peer 0x1a30d88 (4 bytes)
1645770288.816031 client loop enter
1645770288.817605 peer 0x1a30d88 message 303
1645770288.817660 open write file 2 -
1645770288.817721 sending message 305 to peer 0x1a30d88 (8 bytes)
1645770288.818330 peer 0x1a30d88 message 304
1645770288.818376 write 58 to file 2
1645770288.818422 peer 0x1a30d88 message 203
1645770288.818459 file 2 58 bytes left
1645770288.818574 client loop exit
